Analysis & Synthesis report for apb_tx
Mon Jan 13 15:07:57 2020
Quartus Prime Version 18.1.0 Build 625 09/12/2018 SJ Lite Edition


---------------------
; Table of Contents ;
---------------------
  1. Legal Notice
  2. Analysis & Synthesis Summary
  3. Analysis & Synthesis Settings
  4. Parallel Compilation
  5. Analysis & Synthesis Source Files Read
  6. Analysis & Synthesis Resource Usage Summary
  7. Analysis & Synthesis Resource Utilization by Entity
  8. Logic Cells Representing Combinational Loops
  9. General Register Statistics
 10. Multiplexer Restructuring Statistics (Restructuring Performed)
 11. Parameter Settings for User Entity Instance: PipeReg:bit_cnt
 12. Parameter Settings for User Entity Instance: PipeReg:baud_cnt
 13. Port Connectivity Checks: "PipeReg:baud_cnt"
 14. Port Connectivity Checks: "PipeReg:bit_cnt"
 15. Post-Synthesis Netlist Statistics for Top Partition
 16. Elapsed Time Per Partition
 17. Analysis & Synthesis Messages
 18. Analysis & Synthesis Suppressed Messages



----------------
; Legal Notice ;
----------------
Copyright (C) 2018  Intel Corporation. All rights reserved.
Your use of Intel Corporation's design tools, logic functions 
and other software and tools, and its AMPP partner logic 
functions, and any output files from any of the foregoing 
(including device programming or simulation files), and any 
associated documentation or information are expressly subject 
to the terms and conditions of the Intel Program License 
Subscription Agreement, the Intel Quartus Prime License Agreement,
the Intel FPGA IP License Agreement, or other applicable license
agreement, including, without limitation, that your use is for
the sole purpose of programming logic devices manufactured by
Intel and sold by Intel or its authorized distributors.  Please
refer to the applicable agreement for further details.



+-------------------------------------------------------------------------------+
; Analysis & Synthesis Summary                                                  ;
+---------------------------------+---------------------------------------------+
; Analysis & Synthesis Status     ; Successful - Mon Jan 13 15:07:57 2020       ;
; Quartus Prime Version           ; 18.1.0 Build 625 09/12/2018 SJ Lite Edition ;
; Revision Name                   ; apb_tx                                      ;
; Top-level Entity Name           ; apb_tx                                      ;
; Family                          ; Cyclone V                                   ;
; Logic utilization (in ALMs)     ; N/A                                         ;
; Total registers                 ; 30                                          ;
; Total pins                      ; 37                                          ;
; Total virtual pins              ; 0                                           ;
; Total block memory bits         ; 0                                           ;
; Total DSP Blocks                ; 0                                           ;
; Total HSSI RX PCSs              ; 0                                           ;
; Total HSSI PMA RX Deserializers ; 0                                           ;
; Total HSSI TX PCSs              ; 0                                           ;
; Total HSSI PMA TX Serializers   ; 0                                           ;
; Total PLLs                      ; 0                                           ;
; Total DLLs                      ; 0                                           ;
+---------------------------------+---------------------------------------------+


+---------------------------------------------------------------------------------------------------------------------------+
; Analysis & Synthesis Settings                                                                                             ;
+---------------------------------------------------------------------------------+--------------------+--------------------+
; Option                                                                          ; Setting            ; Default Value      ;
+---------------------------------------------------------------------------------+--------------------+--------------------+
; Device                                                                          ; 5CSEMA5F31C6       ;                    ;
; Top-level entity name                                                           ; apb_tx             ; apb_tx             ;
; Family name                                                                     ; Cyclone V          ; Cyclone V          ;
; Use smart compilation                                                           ; Off                ; Off                ;
; Enable parallel Assembler and Timing Analyzer during compilation                ; On                 ; On                 ;
; Enable compact report table                                                     ; Off                ; Off                ;
; Restructure Multiplexers                                                        ; Auto               ; Auto               ;
; MLAB Add Timing Constraints For Mixed-Port Feed-Through Mode Setting Don't Care ; Off                ; Off                ;
; Create Debugging Nodes for IP Cores                                             ; Off                ; Off                ;
; Preserve fewer node names                                                       ; On                 ; On                 ;
; Intel FPGA IP Evaluation Mode                                                   ; Enable             ; Enable             ;
; Verilog Version                                                                 ; Verilog_2001       ; Verilog_2001       ;
; VHDL Version                                                                    ; VHDL_1993          ; VHDL_1993          ;
; State Machine Processing                                                        ; Auto               ; Auto               ;
; Safe State Machine                                                              ; Off                ; Off                ;
; Extract Verilog State Machines                                                  ; On                 ; On                 ;
; Extract VHDL State Machines                                                     ; On                 ; On                 ;
; Ignore Verilog initial constructs                                               ; Off                ; Off                ;
; Iteration limit for constant Verilog loops                                      ; 5000               ; 5000               ;
; Iteration limit for non-constant Verilog loops                                  ; 250                ; 250                ;
; Add Pass-Through Logic to Inferred RAMs                                         ; On                 ; On                 ;
; Infer RAMs from Raw Logic                                                       ; On                 ; On                 ;
; Parallel Synthesis                                                              ; On                 ; On                 ;
; DSP Block Balancing                                                             ; Auto               ; Auto               ;
; NOT Gate Push-Back                                                              ; On                 ; On                 ;
; Power-Up Don't Care                                                             ; On                 ; On                 ;
; Remove Redundant Logic Cells                                                    ; Off                ; Off                ;
; Remove Duplicate Registers                                                      ; On                 ; On                 ;
; Ignore CARRY Buffers                                                            ; Off                ; Off                ;
; Ignore CASCADE Buffers                                                          ; Off                ; Off                ;
; Ignore GLOBAL Buffers                                                           ; Off                ; Off                ;
; Ignore ROW GLOBAL Buffers                                                       ; Off                ; Off                ;
; Ignore LCELL Buffers                                                            ; Off                ; Off                ;
; Ignore SOFT Buffers                                                             ; On                 ; On                 ;
; Limit AHDL Integers to 32 Bits                                                  ; Off                ; Off                ;
; Optimization Technique                                                          ; Balanced           ; Balanced           ;
; Carry Chain Length                                                              ; 70                 ; 70                 ;
; Auto Carry Chains                                                               ; On                 ; On                 ;
; Auto Open-Drain Pins                                                            ; On                 ; On                 ;
; Perform WYSIWYG Primitive Resynthesis                                           ; Off                ; Off                ;
; Auto ROM Replacement                                                            ; On                 ; On                 ;
; Auto RAM Replacement                                                            ; On                 ; On                 ;
; Auto DSP Block Replacement                                                      ; On                 ; On                 ;
; Auto Shift Register Replacement                                                 ; Auto               ; Auto               ;
; Allow Shift Register Merging across Hierarchies                                 ; Auto               ; Auto               ;
; Auto Clock Enable Replacement                                                   ; On                 ; On                 ;
; Strict RAM Replacement                                                          ; Off                ; Off                ;
; Allow Synchronous Control Signals                                               ; On                 ; On                 ;
; Force Use of Synchronous Clear Signals                                          ; Off                ; Off                ;
; Auto Resource Sharing                                                           ; Off                ; Off                ;
; Allow Any RAM Size For Recognition                                              ; Off                ; Off                ;
; Allow Any ROM Size For Recognition                                              ; Off                ; Off                ;
; Allow Any Shift Register Size For Recognition                                   ; Off                ; Off                ;
; Use LogicLock Constraints during Resource Balancing                             ; On                 ; On                 ;
; Ignore translate_off and synthesis_off directives                               ; Off                ; Off                ;
; Timing-Driven Synthesis                                                         ; On                 ; On                 ;
; Report Parameter Settings                                                       ; On                 ; On                 ;
; Report Source Assignments                                                       ; On                 ; On                 ;
; Report Connectivity Checks                                                      ; On                 ; On                 ;
; Ignore Maximum Fan-Out Assignments                                              ; Off                ; Off                ;
; Synchronization Register Chain Length                                           ; 3                  ; 3                  ;
; Power Optimization During Synthesis                                             ; Normal compilation ; Normal compilation ;
; HDL message level                                                               ; Level2             ; Level2             ;
; Suppress Register Optimization Related Messages                                 ; Off                ; Off                ;
; Number of Removed Registers Reported in Synthesis Report                        ; 5000               ; 5000               ;
; Number of Swept Nodes Reported in Synthesis Report                              ; 5000               ; 5000               ;
; Number of Inverted Registers Reported in Synthesis Report                       ; 100                ; 100                ;
; Clock MUX Protection                                                            ; On                 ; On                 ;
; Auto Gated Clock Conversion                                                     ; Off                ; Off                ;
; Block Design Naming                                                             ; Auto               ; Auto               ;
; SDC constraint protection                                                       ; Off                ; Off                ;
; Synthesis Effort                                                                ; Auto               ; Auto               ;
; Shift Register Replacement - Allow Asynchronous Clear Signal                    ; On                 ; On                 ;
; Pre-Mapping Resynthesis Optimization                                            ; Off                ; Off                ;
; Analysis & Synthesis Message Level                                              ; Medium             ; Medium             ;
; Disable Register Merging Across Hierarchies                                     ; Auto               ; Auto               ;
; Resource Aware Inference For Block RAM                                          ; On                 ; On                 ;
; Automatic Parallel Synthesis                                                    ; On                 ; On                 ;
; Partial Reconfiguration Bitstream ID                                            ; Off                ; Off                ;
+---------------------------------------------------------------------------------+--------------------+--------------------+


+------------------------------------------+
; Parallel Compilation                     ;
+----------------------------+-------------+
; Processors                 ; Number      ;
+----------------------------+-------------+
; Number detected on machine ; 12          ;
; Maximum allowed            ; 6           ;
;                            ;             ;
; Average used               ; 1.00        ;
; Maximum used               ; 6           ;
;                            ;             ;
; Usage by Processor         ; % Time Used ;
;     Processor 1            ; 100.0%      ;
;     Processors 2-6         ;   0.0%      ;
+----------------------------+-------------+


+--------------------------------------------------------------------------------------------------------------------------------+
; Analysis & Synthesis Source Files Read                                                                                         ;
+----------------------------------+-----------------+------------------------+----------------------------------------+---------+
; File Name with User-Entered Path ; Used in Netlist ; File Type              ; File Name with Absolute Path           ; Library ;
+----------------------------------+-----------------+------------------------+----------------------------------------+---------+
; ../../aESSENTIALS/baud_counter.v ; yes             ; User Verilog HDL File  ; D:/Verilog/aESSENTIALS/baud_counter.v  ;         ;
; ../../aESSENTIALS/REGISTER.v     ; yes             ; User Verilog HDL File  ; D:/Verilog/aESSENTIALS/REGISTER.v      ;         ;
; apb_tx.v                         ; yes             ; User Verilog HDL File  ; D:/Verilog/uart_apb/apb_tx/apb_tx.v    ;         ;
; apb_tx_cp.v                      ; yes             ; User Verilog HDL File  ; D:/Verilog/uart_apb/apb_tx/apb_tx_cp.v ;         ;
; apb_tx_dp.v                      ; yes             ; User Verilog HDL File  ; D:/Verilog/uart_apb/apb_tx/apb_tx_dp.v ;         ;
+----------------------------------+-----------------+------------------------+----------------------------------------+---------+


+---------------------------------------------------------+
; Analysis & Synthesis Resource Usage Summary             ;
+---------------------------------------------+-----------+
; Resource                                    ; Usage     ;
+---------------------------------------------+-----------+
; Estimate of Logic utilization (ALMs needed) ; 60        ;
;                                             ;           ;
; Combinational ALUT usage for logic          ; 102       ;
;     -- 7 input functions                    ; 0         ;
;     -- 6 input functions                    ; 18        ;
;     -- 5 input functions                    ; 10        ;
;     -- 4 input functions                    ; 9         ;
;     -- <=3 input functions                  ; 65        ;
;                                             ;           ;
; Dedicated logic registers                   ; 30        ;
;                                             ;           ;
; I/O pins                                    ; 37        ;
;                                             ;           ;
; Total DSP Blocks                            ; 0         ;
;                                             ;           ;
; Maximum fan-out node                        ; clk~input ;
; Maximum fan-out                             ; 30        ;
; Total fan-out                               ; 461       ;
; Average fan-out                             ; 2.24      ;
+---------------------------------------------+-----------+


+-----------------------------------------------------------------------------------------------------------------------------------------------------------------------------------------------------------+
; Analysis & Synthesis Resource Utilization by Entity                                                                                                                                                       ;
+--------------------------------+---------------------+---------------------------+-------------------+------------+------+--------------+-----------------------------------+--------------+--------------+
; Compilation Hierarchy Node     ; Combinational ALUTs ; Dedicated Logic Registers ; Block Memory Bits ; DSP Blocks ; Pins ; Virtual Pins ; Full Hierarchy Name               ; Entity Name  ; Library Name ;
+--------------------------------+---------------------+---------------------------+-------------------+------------+------+--------------+-----------------------------------+--------------+--------------+
; |apb_tx                        ; 102 (0)             ; 30 (0)                    ; 0                 ; 0          ; 37   ; 0            ; |apb_tx                           ; apb_tx       ; work         ;
;    |PipeReg:baud_cnt|          ; 0 (0)               ; 20 (20)                   ; 0                 ; 0          ; 0    ; 0            ; |apb_tx|PipeReg:baud_cnt          ; PipeReg      ; work         ;
;    |PipeReg:bit_cnt|           ; 6 (6)               ; 10 (10)                   ; 0                 ; 0          ; 0    ; 0            ; |apb_tx|PipeReg:bit_cnt           ; PipeReg      ; work         ;
;    |apb_tx_cp:tx_cp|           ; 30 (30)             ; 0 (0)                     ; 0                 ; 0          ; 0    ; 0            ; |apb_tx|apb_tx_cp:tx_cp           ; apb_tx_cp    ; work         ;
;    |apb_tx_dp:tx_dp|           ; 7 (7)               ; 0 (0)                     ; 0                 ; 0          ; 0    ; 0            ; |apb_tx|apb_tx_dp:tx_dp           ; apb_tx_dp    ; work         ;
;    |baud_counter:baud_counter| ; 59 (59)             ; 0 (0)                     ; 0                 ; 0          ; 0    ; 0            ; |apb_tx|baud_counter:baud_counter ; baud_counter ; work         ;
+--------------------------------+---------------------+---------------------------+-------------------+------------+------+--------------+-----------------------------------+--------------+--------------+
Note: For table entries with two numbers listed, the numbers in parentheses indicate the number of resources of the given type used by the specific entity alone. The numbers listed outside of parentheses indicate the total resources of the given type used by the specific entity and all of its sub-entities in the hierarchy.


+------------------------------------------------------------+
; Logic Cells Representing Combinational Loops               ;
+--------------------------------------------------------+---+
; Logic Cell Name                                        ;   ;
+--------------------------------------------------------+---+
; apb_tx_cp:tx_cp|WideOr0~0                              ;   ;
; Number of logic cells representing combinational loops ; 1 ;
+--------------------------------------------------------+---+
Note: All cells listed above may not be present at the end of synthesis due to various synthesis optimizations.


+------------------------------------------------------+
; General Register Statistics                          ;
+----------------------------------------------+-------+
; Statistic                                    ; Value ;
+----------------------------------------------+-------+
; Total registers                              ; 30    ;
; Number of registers using Synchronous Clear  ; 30    ;
; Number of registers using Synchronous Load   ; 0     ;
; Number of registers using Asynchronous Clear ; 0     ;
; Number of registers using Asynchronous Load  ; 0     ;
; Number of registers using Clock Enable       ; 10    ;
; Number of registers using Preset             ; 0     ;
+----------------------------------------------+-------+


+----------------------------------------------------------------------------------------------------------------------------------------------+
; Multiplexer Restructuring Statistics (Restructuring Performed)                                                                               ;
+--------------------+-----------+---------------+----------------------+------------------------+------------+--------------------------------+
; Multiplexer Inputs ; Bus Width ; Baseline Area ; Area if Restructured ; Saving if Restructured ; Registered ; Example Multiplexer Output     ;
+--------------------+-----------+---------------+----------------------+------------------------+------------+--------------------------------+
; 3:1                ; 20 bits   ; 40 LEs        ; 0 LEs                ; 40 LEs                 ; Yes        ; |apb_tx|PipeReg:baud_cnt|Q[19] ;
; 65:1               ; 10 bits   ; 430 LEs       ; 0 LEs                ; 430 LEs                ; Yes        ; |apb_tx|PipeReg:bit_cnt|Q[9]   ;
+--------------------+-----------+---------------+----------------------+------------------------+------------+--------------------------------+


+--------------------------------------------------------------+
; Parameter Settings for User Entity Instance: PipeReg:bit_cnt ;
+----------------+-------+-------------------------------------+
; Parameter Name ; Value ; Type                                ;
+----------------+-------+-------------------------------------+
; BITWIDTH       ; 10    ; Signed Integer                      ;
+----------------+-------+-------------------------------------+
Note: In order to hide this table in the UI and the text report file, please set the "Show Parameter Settings in Synthesis Report" option in "Analysis and Synthesis Settings -> More Settings" to "Off".


+---------------------------------------------------------------+
; Parameter Settings for User Entity Instance: PipeReg:baud_cnt ;
+----------------+-------+--------------------------------------+
; Parameter Name ; Value ; Type                                 ;
+----------------+-------+--------------------------------------+
; BITWIDTH       ; 20    ; Signed Integer                       ;
+----------------+-------+--------------------------------------+
Note: In order to hide this table in the UI and the text report file, please set the "Show Parameter Settings in Synthesis Report" option in "Analysis and Synthesis Settings -> More Settings" to "Off".


+----------------------------------------------+
; Port Connectivity Checks: "PipeReg:baud_cnt" ;
+------+-------+----------+--------------------+
; Port ; Type  ; Severity ; Details            ;
+------+-------+----------+--------------------+
; EN   ; Input ; Info     ; Stuck at VCC       ;
+------+-------+----------+--------------------+


+---------------------------------------------+
; Port Connectivity Checks: "PipeReg:bit_cnt" ;
+------+-------+----------+-------------------+
; Port ; Type  ; Severity ; Details           ;
+------+-------+----------+-------------------+
; EN   ; Input ; Info     ; Stuck at VCC      ;
+------+-------+----------+-------------------+


+-----------------------------------------------------+
; Post-Synthesis Netlist Statistics for Top Partition ;
+-----------------------+-----------------------------+
; Type                  ; Count                       ;
+-----------------------+-----------------------------+
; arriav_ff             ; 30                          ;
;     ENA SCLR          ; 10                          ;
;     SCLR              ; 20                          ;
; arriav_lcell_comb     ; 102                         ;
;     arith             ; 60                          ;
;         1 data inputs ; 60                          ;
;     normal            ; 42                          ;
;         2 data inputs ; 3                           ;
;         3 data inputs ; 2                           ;
;         4 data inputs ; 9                           ;
;         5 data inputs ; 10                          ;
;         6 data inputs ; 18                          ;
; boundary_port         ; 37                          ;
;                       ;                             ;
; Max LUT depth         ; 5.60                        ;
; Average LUT depth     ; 3.69                        ;
+-----------------------+-----------------------------+


+-------------------------------+
; Elapsed Time Per Partition    ;
+----------------+--------------+
; Partition Name ; Elapsed Time ;
+----------------+--------------+
; Top            ; 00:00:00     ;
+----------------+--------------+


+-------------------------------+
; Analysis & Synthesis Messages ;
+-------------------------------+
Info: *******************************************************************
Info: Running Quartus Prime Analysis & Synthesis
    Info: Version 18.1.0 Build 625 09/12/2018 SJ Lite Edition
    Info: Processing started: Mon Jan 13 15:07:48 2020
Info: Command: quartus_map --read_settings_files=on --write_settings_files=off apb_tx -c apb_tx
Warning (18236): Number of processors has not been specified which may cause overloading on shared machines.  Set the global assignment NUM_PARALLEL_PROCESSORS in your QSF to an appropriate value for best performance.
Info (20030): Parallel compilation is enabled and will use 6 of the 6 processors detected
Info (12021): Found 1 design units, including 1 entities, in source file /verilog/aessentials/baud_counter.v
    Info (12023): Found entity 1: baud_counter File: D:/Verilog/aESSENTIALS/baud_counter.v Line: 8
Info (12021): Found 6 design units, including 6 entities, in source file /verilog/aessentials/register.v
    Info (12023): Found entity 1: REG File: D:/Verilog/aESSENTIALS/REGISTER.v Line: 29
    Info (12023): Found entity 2: LatchN File: D:/Verilog/aESSENTIALS/REGISTER.v Line: 46
    Info (12023): Found entity 3: LatchN_gate File: D:/Verilog/aESSENTIALS/REGISTER.v Line: 60
    Info (12023): Found entity 4: SyncRegN File: D:/Verilog/aESSENTIALS/REGISTER.v Line: 78
    Info (12023): Found entity 5: PipeRegS File: D:/Verilog/aESSENTIALS/REGISTER.v Line: 92
    Info (12023): Found entity 6: PipeReg File: D:/Verilog/aESSENTIALS/REGISTER.v Line: 109
Info (12021): Found 1 design units, including 1 entities, in source file apb_tx.v
    Info (12023): Found entity 1: apb_tx File: D:/Verilog/uart_apb/apb_tx/apb_tx.v Line: 13
Info (12021): Found 1 design units, including 1 entities, in source file apb_tx_cp.v
    Info (12023): Found entity 1: apb_tx_cp File: D:/Verilog/uart_apb/apb_tx/apb_tx_cp.v Line: 9
Info (12021): Found 1 design units, including 1 entities, in source file apb_tx_dp.v
    Info (12023): Found entity 1: apb_tx_dp File: D:/Verilog/uart_apb/apb_tx/apb_tx_dp.v Line: 10
Info (12021): Found 1 design units, including 1 entities, in source file apt_tx_tb.v
    Info (12023): Found entity 1: apb_tx_tb File: D:/Verilog/uart_apb/apb_tx/apt_tx_tb.v Line: 8
Info (12127): Elaborating entity "apb_tx" for the top level hierarchy
Info (12128): Elaborating entity "apb_tx_cp" for hierarchy "apb_tx_cp:tx_cp" File: D:/Verilog/uart_apb/apb_tx/apb_tx.v Line: 66
Warning (10230): Verilog HDL assignment warning at apb_tx_cp.v(39): truncated value with size 32 to match size of target (10) File: D:/Verilog/uart_apb/apb_tx/apb_tx_cp.v Line: 39
Info (12128): Elaborating entity "apb_tx_dp" for hierarchy "apb_tx_dp:tx_dp" File: D:/Verilog/uart_apb/apb_tx/apb_tx.v Line: 81
Info (12128): Elaborating entity "baud_counter" for hierarchy "baud_counter:baud_counter" File: D:/Verilog/uart_apb/apb_tx/apb_tx.v Line: 94
Info (12128): Elaborating entity "PipeReg" for hierarchy "PipeReg:bit_cnt" File: D:/Verilog/uart_apb/apb_tx/apb_tx.v Line: 109
Info (12128): Elaborating entity "PipeReg" for hierarchy "PipeReg:baud_cnt" File: D:/Verilog/uart_apb/apb_tx/apb_tx.v Line: 118
Info (286030): Timing-Driven Synthesis is running
Info (144001): Generated suppressed messages file D:/Verilog/uart_apb/apb_tx/output_files/apb_tx.map.smsg
Info (16010): Generating hard_block partition "hard_block:auto_generated_inst"
    Info (16011): Adding 0 node(s), including 0 DDIO, 0 PLL, 0 transceiver and 0 LCELL
Info (21057): Implemented 139 device resources after synthesis - the final resource count might be different
    Info (21058): Implemented 35 input pins
    Info (21059): Implemented 2 output pins
    Info (21061): Implemented 102 logic cells
Info: Quartus Prime Analysis & Synthesis was successful. 0 errors, 2 warnings
    Info: Peak virtual memory: 4870 megabytes
    Info: Processing ended: Mon Jan 13 15:07:57 2020
    Info: Elapsed time: 00:00:09
    Info: Total CPU time (on all processors): 00:00:19


+------------------------------------------+
; Analysis & Synthesis Suppressed Messages ;
+------------------------------------------+
The suppressed messages can be found in D:/Verilog/uart_apb/apb_tx/output_files/apb_tx.map.smsg.


