Analysis & Synthesis report for apb_rx
Mon Jan 13 15:59:52 2020
Quartus Prime Version 18.1.0 Build 625 09/12/2018 SJ Lite Edition


---------------------
; Table of Contents ;
---------------------
  1. Legal Notice
  2. Analysis & Synthesis Summary
  3. Analysis & Synthesis Settings
  4. Parallel Compilation
  5. Analysis & Synthesis Source Files Read
  6. Analysis & Synthesis Resource Usage Summary
  7. Analysis & Synthesis Resource Utilization by Entity
  8. User-Specified and Inferred Latches
  9. Registers Removed During Synthesis
 10. General Register Statistics
 11. Parameter Settings for User Entity Instance: PipeReg:bit_cnt
 12. Parameter Settings for User Entity Instance: PipeReg:baud_cnt
 13. Port Connectivity Checks: "PipeReg:baud_cnt"
 14. Port Connectivity Checks: "PipeReg:bit_cnt"
 15. Post-Synthesis Netlist Statistics for Top Partition
 16. Elapsed Time Per Partition
 17. Analysis & Synthesis Messages
 18. Analysis & Synthesis Suppressed Messages



----------------
; Legal Notice ;
----------------
Copyright (C) 2018  Intel Corporation. All rights reserved.
Your use of Intel Corporation's design tools, logic functions 
and other software and tools, and its AMPP partner logic 
functions, and any output files from any of the foregoing 
(including device programming or simulation files), and any 
associated documentation or information are expressly subject 
to the terms and conditions of the Intel Program License 
Subscription Agreement, the Intel Quartus Prime License Agreement,
the Intel FPGA IP License Agreement, or other applicable license
agreement, including, without limitation, that your use is for
the sole purpose of programming logic devices manufactured by
Intel and sold by Intel or its authorized distributors.  Please
refer to the applicable agreement for further details.



+-------------------------------------------------------------------------------+
; Analysis & Synthesis Summary                                                  ;
+---------------------------------+---------------------------------------------+
; Analysis & Synthesis Status     ; Successful - Mon Jan 13 15:59:52 2020       ;
; Quartus Prime Version           ; 18.1.0 Build 625 09/12/2018 SJ Lite Edition ;
; Revision Name                   ; apb_rx                                      ;
; Top-level Entity Name           ; apb_rx                                      ;
; Family                          ; Cyclone V                                   ;
; Logic utilization (in ALMs)     ; N/A                                         ;
; Total registers                 ; 0                                           ;
; Total pins                      ; 58                                          ;
; Total virtual pins              ; 0                                           ;
; Total block memory bits         ; 0                                           ;
; Total DSP Blocks                ; 0                                           ;
; Total HSSI RX PCSs              ; 0                                           ;
; Total HSSI PMA RX Deserializers ; 0                                           ;
; Total HSSI TX PCSs              ; 0                                           ;
; Total HSSI PMA TX Serializers   ; 0                                           ;
; Total PLLs                      ; 0                                           ;
; Total DLLs                      ; 0                                           ;
+---------------------------------+---------------------------------------------+


+---------------------------------------------------------------------------------------------------------------------------+
; Analysis & Synthesis Settings                                                                                             ;
+---------------------------------------------------------------------------------+--------------------+--------------------+
; Option                                                                          ; Setting            ; Default Value      ;
+---------------------------------------------------------------------------------+--------------------+--------------------+
; Device                                                                          ; 5CSEMA5F31C6       ;                    ;
; Top-level entity name                                                           ; apb_rx             ; apb_rx             ;
; Family name                                                                     ; Cyclone V          ; Cyclone V          ;
; Use smart compilation                                                           ; Off                ; Off                ;
; Enable parallel Assembler and Timing Analyzer during compilation                ; On                 ; On                 ;
; Enable compact report table                                                     ; Off                ; Off                ;
; Restructure Multiplexers                                                        ; Auto               ; Auto               ;
; MLAB Add Timing Constraints For Mixed-Port Feed-Through Mode Setting Don't Care ; Off                ; Off                ;
; Create Debugging Nodes for IP Cores                                             ; Off                ; Off                ;
; Preserve fewer node names                                                       ; On                 ; On                 ;
; Intel FPGA IP Evaluation Mode                                                   ; Enable             ; Enable             ;
; Verilog Version                                                                 ; Verilog_2001       ; Verilog_2001       ;
; VHDL Version                                                                    ; VHDL_1993          ; VHDL_1993          ;
; State Machine Processing                                                        ; Auto               ; Auto               ;
; Safe State Machine                                                              ; Off                ; Off                ;
; Extract Verilog State Machines                                                  ; On                 ; On                 ;
; Extract VHDL State Machines                                                     ; On                 ; On                 ;
; Ignore Verilog initial constructs                                               ; Off                ; Off                ;
; Iteration limit for constant Verilog loops                                      ; 5000               ; 5000               ;
; Iteration limit for non-constant Verilog loops                                  ; 250                ; 250                ;
; Add Pass-Through Logic to Inferred RAMs                                         ; On                 ; On                 ;
; Infer RAMs from Raw Logic                                                       ; On                 ; On                 ;
; Parallel Synthesis                                                              ; On                 ; On                 ;
; DSP Block Balancing                                                             ; Auto               ; Auto               ;
; NOT Gate Push-Back                                                              ; On                 ; On                 ;
; Power-Up Don't Care                                                             ; On                 ; On                 ;
; Remove Redundant Logic Cells                                                    ; Off                ; Off                ;
; Remove Duplicate Registers                                                      ; On                 ; On                 ;
; Ignore CARRY Buffers                                                            ; Off                ; Off                ;
; Ignore CASCADE Buffers                                                          ; Off                ; Off                ;
; Ignore GLOBAL Buffers                                                           ; Off                ; Off                ;
; Ignore ROW GLOBAL Buffers                                                       ; Off                ; Off                ;
; Ignore LCELL Buffers                                                            ; Off                ; Off                ;
; Ignore SOFT Buffers                                                             ; On                 ; On                 ;
; Limit AHDL Integers to 32 Bits                                                  ; Off                ; Off                ;
; Optimization Technique                                                          ; Balanced           ; Balanced           ;
; Carry Chain Length                                                              ; 70                 ; 70                 ;
; Auto Carry Chains                                                               ; On                 ; On                 ;
; Auto Open-Drain Pins                                                            ; On                 ; On                 ;
; Perform WYSIWYG Primitive Resynthesis                                           ; Off                ; Off                ;
; Auto ROM Replacement                                                            ; On                 ; On                 ;
; Auto RAM Replacement                                                            ; On                 ; On                 ;
; Auto DSP Block Replacement                                                      ; On                 ; On                 ;
; Auto Shift Register Replacement                                                 ; Auto               ; Auto               ;
; Allow Shift Register Merging across Hierarchies                                 ; Auto               ; Auto               ;
; Auto Clock Enable Replacement                                                   ; On                 ; On                 ;
; Strict RAM Replacement                                                          ; Off                ; Off                ;
; Allow Synchronous Control Signals                                               ; On                 ; On                 ;
; Force Use of Synchronous Clear Signals                                          ; Off                ; Off                ;
; Auto Resource Sharing                                                           ; Off                ; Off                ;
; Allow Any RAM Size For Recognition                                              ; Off                ; Off                ;
; Allow Any ROM Size For Recognition                                              ; Off                ; Off                ;
; Allow Any Shift Register Size For Recognition                                   ; Off                ; Off                ;
; Use LogicLock Constraints during Resource Balancing                             ; On                 ; On                 ;
; Ignore translate_off and synthesis_off directives                               ; Off                ; Off                ;
; Timing-Driven Synthesis                                                         ; On                 ; On                 ;
; Report Parameter Settings                                                       ; On                 ; On                 ;
; Report Source Assignments                                                       ; On                 ; On                 ;
; Report Connectivity Checks                                                      ; On                 ; On                 ;
; Ignore Maximum Fan-Out Assignments                                              ; Off                ; Off                ;
; Synchronization Register Chain Length                                           ; 3                  ; 3                  ;
; Power Optimization During Synthesis                                             ; Normal compilation ; Normal compilation ;
; HDL message level                                                               ; Level2             ; Level2             ;
; Suppress Register Optimization Related Messages                                 ; Off                ; Off                ;
; Number of Removed Registers Reported in Synthesis Report                        ; 5000               ; 5000               ;
; Number of Swept Nodes Reported in Synthesis Report                              ; 5000               ; 5000               ;
; Number of Inverted Registers Reported in Synthesis Report                       ; 100                ; 100                ;
; Clock MUX Protection                                                            ; On                 ; On                 ;
; Auto Gated Clock Conversion                                                     ; Off                ; Off                ;
; Block Design Naming                                                             ; Auto               ; Auto               ;
; SDC constraint protection                                                       ; Off                ; Off                ;
; Synthesis Effort                                                                ; Auto               ; Auto               ;
; Shift Register Replacement - Allow Asynchronous Clear Signal                    ; On                 ; On                 ;
; Pre-Mapping Resynthesis Optimization                                            ; Off                ; Off                ;
; Analysis & Synthesis Message Level                                              ; Medium             ; Medium             ;
; Disable Register Merging Across Hierarchies                                     ; Auto               ; Auto               ;
; Resource Aware Inference For Block RAM                                          ; On                 ; On                 ;
; Automatic Parallel Synthesis                                                    ; On                 ; On                 ;
; Partial Reconfiguration Bitstream ID                                            ; Off                ; Off                ;
+---------------------------------------------------------------------------------+--------------------+--------------------+


+------------------------------------------+
; Parallel Compilation                     ;
+----------------------------+-------------+
; Processors                 ; Number      ;
+----------------------------+-------------+
; Number detected on machine ; 12          ;
; Maximum allowed            ; 6           ;
;                            ;             ;
; Average used               ; 1.00        ;
; Maximum used               ; 6           ;
;                            ;             ;
; Usage by Processor         ; % Time Used ;
;     Processor 1            ; 100.0%      ;
;     Processors 2-6         ;   0.0%      ;
+----------------------------+-------------+


+--------------------------------------------------------------------------------------------------------------------------------+
; Analysis & Synthesis Source Files Read                                                                                         ;
+----------------------------------+-----------------+------------------------+----------------------------------------+---------+
; File Name with User-Entered Path ; Used in Netlist ; File Type              ; File Name with Absolute Path           ; Library ;
+----------------------------------+-----------------+------------------------+----------------------------------------+---------+
; ../../aESSENTIALS/REGISTER.v     ; yes             ; User Verilog HDL File  ; D:/Verilog/aESSENTIALS/REGISTER.v      ;         ;
; ../../aESSENTIALS/baud_counter.v ; yes             ; User Verilog HDL File  ; D:/Verilog/aESSENTIALS/baud_counter.v  ;         ;
; apb_rx_dp.v                      ; yes             ; User Verilog HDL File  ; D:/Verilog/uart_apb/apb_rx/apb_rx_dp.v ;         ;
; apb_rx_cp.v                      ; yes             ; User Verilog HDL File  ; D:/Verilog/uart_apb/apb_rx/apb_rx_cp.v ;         ;
; apb_rx.v                         ; yes             ; User Verilog HDL File  ; D:/Verilog/uart_apb/apb_rx/apb_rx.v    ;         ;
+----------------------------------+-----------------+------------------------+----------------------------------------+---------+


+--------------------------------------------------------------------------+
; Analysis & Synthesis Resource Usage Summary                              ;
+---------------------------------------------+----------------------------+
; Resource                                    ; Usage                      ;
+---------------------------------------------+----------------------------+
; Estimate of Logic utilization (ALMs needed) ; 2                          ;
;                                             ;                            ;
; Combinational ALUT usage for logic          ; 3                          ;
;     -- 7 input functions                    ; 0                          ;
;     -- 6 input functions                    ; 0                          ;
;     -- 5 input functions                    ; 0                          ;
;     -- 4 input functions                    ; 1                          ;
;     -- <=3 input functions                  ; 2                          ;
;                                             ;                            ;
; Dedicated logic registers                   ; 0                          ;
;                                             ;                            ;
; I/O pins                                    ; 58                         ;
;                                             ;                            ;
; Total DSP Blocks                            ; 0                          ;
;                                             ;                            ;
; Maximum fan-out node                        ; apb_rx_dp:rx_dp|rx_data[0] ;
; Maximum fan-out                             ; 2                          ;
; Total fan-out                               ; 69                         ;
; Average fan-out                             ; 0.58                       ;
+---------------------------------------------+----------------------------+


+--------------------------------------------------------------------------------------------------------------------------------------------------------------------------------------------+
; Analysis & Synthesis Resource Utilization by Entity                                                                                                                                        ;
+----------------------------+---------------------+---------------------------+-------------------+------------+------+--------------+-------------------------+-------------+--------------+
; Compilation Hierarchy Node ; Combinational ALUTs ; Dedicated Logic Registers ; Block Memory Bits ; DSP Blocks ; Pins ; Virtual Pins ; Full Hierarchy Name     ; Entity Name ; Library Name ;
+----------------------------+---------------------+---------------------------+-------------------+------------+------+--------------+-------------------------+-------------+--------------+
; |apb_rx                    ; 3 (0)               ; 0 (0)                     ; 0                 ; 0          ; 58   ; 0            ; |apb_rx                 ; apb_rx      ; work         ;
;    |apb_rx_dp:rx_dp|       ; 3 (3)               ; 0 (0)                     ; 0                 ; 0          ; 0    ; 0            ; |apb_rx|apb_rx_dp:rx_dp ; apb_rx_dp   ; work         ;
+----------------------------+---------------------+---------------------------+-------------------+------------+------+--------------+-------------------------+-------------+--------------+
Note: For table entries with two numbers listed, the numbers in parentheses indicate the number of resources of the given type used by the specific entity alone. The numbers listed outside of parentheses indicate the total resources of the given type used by the specific entity and all of its sub-entities in the hierarchy.


+--------------------------------------------------------------------------------------------------------+
; User-Specified and Inferred Latches                                                                    ;
+----------------------------------------------------+--------------------------+------------------------+
; Latch Name                                         ; Latch Enable Signal      ; Free of Timing Hazards ;
+----------------------------------------------------+--------------------------+------------------------+
; apb_rx_dp:rx_dp|rx_data[0]                         ; apb_rx_dp:rx_dp|WideNor2 ; yes                    ;
; Number of user-specified and inferred latches = 1  ;                          ;                        ;
+----------------------------------------------------+--------------------------+------------------------+
Note: All latches listed above may not be present at the end of synthesis due to various synthesis optimizations.


+---------------------------------------------------------------------------------+
; Registers Removed During Synthesis                                              ;
+----------------------------------------+----------------------------------------+
; Register name                          ; Reason for Removal                     ;
+----------------------------------------+----------------------------------------+
; PipeReg:bit_cnt|Q[0..9]                ; Stuck at GND due to stuck port data_in ;
; Total Number of Removed Registers = 10 ;                                        ;
+----------------------------------------+----------------------------------------+


+------------------------------------------------------+
; General Register Statistics                          ;
+----------------------------------------------+-------+
; Statistic                                    ; Value ;
+----------------------------------------------+-------+
; Total registers                              ; 0     ;
; Number of registers using Synchronous Clear  ; 0     ;
; Number of registers using Synchronous Load   ; 0     ;
; Number of registers using Asynchronous Clear ; 0     ;
; Number of registers using Asynchronous Load  ; 0     ;
; Number of registers using Clock Enable       ; 0     ;
; Number of registers using Preset             ; 0     ;
+----------------------------------------------+-------+


+--------------------------------------------------------------+
; Parameter Settings for User Entity Instance: PipeReg:bit_cnt ;
+----------------+-------+-------------------------------------+
; Parameter Name ; Value ; Type                                ;
+----------------+-------+-------------------------------------+
; BITWIDTH       ; 10    ; Signed Integer                      ;
+----------------+-------+-------------------------------------+
Note: In order to hide this table in the UI and the text report file, please set the "Show Parameter Settings in Synthesis Report" option in "Analysis and Synthesis Settings -> More Settings" to "Off".


+---------------------------------------------------------------+
; Parameter Settings for User Entity Instance: PipeReg:baud_cnt ;
+----------------+-------+--------------------------------------+
; Parameter Name ; Value ; Type                                 ;
+----------------+-------+--------------------------------------+
; BITWIDTH       ; 20    ; Signed Integer                       ;
+----------------+-------+--------------------------------------+
Note: In order to hide this table in the UI and the text report file, please set the "Show Parameter Settings in Synthesis Report" option in "Analysis and Synthesis Settings -> More Settings" to "Off".


+----------------------------------------------+
; Port Connectivity Checks: "PipeReg:baud_cnt" ;
+------+-------+----------+--------------------+
; Port ; Type  ; Severity ; Details            ;
+------+-------+----------+--------------------+
; EN   ; Input ; Info     ; Stuck at VCC       ;
+------+-------+----------+--------------------+


+---------------------------------------------+
; Port Connectivity Checks: "PipeReg:bit_cnt" ;
+------+-------+----------+-------------------+
; Port ; Type  ; Severity ; Details           ;
+------+-------+----------+-------------------+
; EN   ; Input ; Info     ; Stuck at VCC      ;
+------+-------+----------+-------------------+


+-----------------------------------------------------+
; Post-Synthesis Netlist Statistics for Top Partition ;
+-----------------------+-----------------------------+
; Type                  ; Count                       ;
+-----------------------+-----------------------------+
; arriav_lcell_comb     ; 4                           ;
;     normal            ; 4                           ;
;         0 data inputs ; 1                           ;
;         3 data inputs ; 2                           ;
;         4 data inputs ; 1                           ;
; boundary_port         ; 58                          ;
;                       ;                             ;
; Max LUT depth         ; 2.00                        ;
; Average LUT depth     ; 1.67                        ;
+-----------------------+-----------------------------+


+-------------------------------+
; Elapsed Time Per Partition    ;
+----------------+--------------+
; Partition Name ; Elapsed Time ;
+----------------+--------------+
; Top            ; 00:00:00     ;
+----------------+--------------+


+-------------------------------+
; Analysis & Synthesis Messages ;
+-------------------------------+
Info: *******************************************************************
Info: Running Quartus Prime Analysis & Synthesis
    Info: Version 18.1.0 Build 625 09/12/2018 SJ Lite Edition
    Info: Processing started: Mon Jan 13 15:59:43 2020
Info: Command: quartus_map --read_settings_files=on --write_settings_files=off apb_rx -c apb_rx
Warning (18236): Number of processors has not been specified which may cause overloading on shared machines.  Set the global assignment NUM_PARALLEL_PROCESSORS in your QSF to an appropriate value for best performance.
Info (20030): Parallel compilation is enabled and will use 6 of the 6 processors detected
Info (12021): Found 6 design units, including 6 entities, in source file /verilog/aessentials/register.v
    Info (12023): Found entity 1: REG File: D:/Verilog/aESSENTIALS/REGISTER.v Line: 29
    Info (12023): Found entity 2: LatchN File: D:/Verilog/aESSENTIALS/REGISTER.v Line: 46
    Info (12023): Found entity 3: LatchN_gate File: D:/Verilog/aESSENTIALS/REGISTER.v Line: 60
    Info (12023): Found entity 4: SyncRegN File: D:/Verilog/aESSENTIALS/REGISTER.v Line: 78
    Info (12023): Found entity 5: PipeRegS File: D:/Verilog/aESSENTIALS/REGISTER.v Line: 92
    Info (12023): Found entity 6: PipeReg File: D:/Verilog/aESSENTIALS/REGISTER.v Line: 109
Info (12021): Found 9 design units, including 9 entities, in source file /verilog/aessentials/mux.v
    Info (12023): Found entity 1: MUX3to1 File: D:/Verilog/aESSENTIALS/MUX.v Line: 31
    Info (12023): Found entity 2: MUX4to1 File: D:/Verilog/aESSENTIALS/MUX.v Line: 44
    Info (12023): Found entity 3: MUX5to1 File: D:/Verilog/aESSENTIALS/MUX.v Line: 59
    Info (12023): Found entity 4: MUX6to1 File: D:/Verilog/aESSENTIALS/MUX.v Line: 76
    Info (12023): Found entity 5: MUX7to1 File: D:/Verilog/aESSENTIALS/MUX.v Line: 95
    Info (12023): Found entity 6: MUX8to1 File: D:/Verilog/aESSENTIALS/MUX.v Line: 116
    Info (12023): Found entity 7: MUX9to1 File: D:/Verilog/aESSENTIALS/MUX.v Line: 139
    Info (12023): Found entity 8: MUX10to1 File: D:/Verilog/aESSENTIALS/MUX.v Line: 164
    Info (12023): Found entity 9: MUX16to1 File: D:/Verilog/aESSENTIALS/MUX.v Line: 191
Info (12021): Found 1 design units, including 1 entities, in source file /verilog/aessentials/baud_counter.v
    Info (12023): Found entity 1: baud_counter File: D:/Verilog/aESSENTIALS/baud_counter.v Line: 8
Info (12021): Found 1 design units, including 1 entities, in source file apb_tx_dp.v
    Info (12023): Found entity 1: apb_tx_dp File: D:/Verilog/uart_apb/apb_rx/apb_tx_dp.v Line: 10
Info (12021): Found 1 design units, including 1 entities, in source file apb_tx_cp.v
    Info (12023): Found entity 1: apb_tx_cp File: D:/Verilog/uart_apb/apb_rx/apb_tx_cp.v Line: 9
Info (12021): Found 1 design units, including 1 entities, in source file apb_tx.v
    Info (12023): Found entity 1: apb_tx File: D:/Verilog/uart_apb/apb_rx/apb_tx.v Line: 13
Info (12021): Found 1 design units, including 1 entities, in source file apb_rx_tb.v
    Info (12023): Found entity 1: apb_rx_tb File: D:/Verilog/uart_apb/apb_rx/apb_rx_tb.v Line: 8
Info (12021): Found 1 design units, including 1 entities, in source file apb_rx_dp.v
    Info (12023): Found entity 1: apb_rx_dp File: D:/Verilog/uart_apb/apb_rx/apb_rx_dp.v Line: 10
Info (12021): Found 1 design units, including 1 entities, in source file apb_rx_cp.v
    Info (12023): Found entity 1: apb_rx_cp File: D:/Verilog/uart_apb/apb_rx/apb_rx_cp.v Line: 9
Info (12021): Found 1 design units, including 1 entities, in source file apb_rx.v
    Info (12023): Found entity 1: apb_rx File: D:/Verilog/uart_apb/apb_rx/apb_rx.v Line: 14
Info (12127): Elaborating entity "apb_rx" for the top level hierarchy
Info (12128): Elaborating entity "apb_rx_cp" for hierarchy "apb_rx_cp:rx_cp" File: D:/Verilog/uart_apb/apb_rx/apb_rx.v Line: 65
Warning (10230): Verilog HDL assignment warning at apb_rx_cp.v(38): truncated value with size 32 to match size of target (10) File: D:/Verilog/uart_apb/apb_rx/apb_rx_cp.v Line: 38
Warning (10272): Verilog HDL Case Statement warning at apb_rx_cp.v(59): case item expression covers a value already covered by a previous case item File: D:/Verilog/uart_apb/apb_rx/apb_rx_cp.v Line: 59
Warning (10272): Verilog HDL Case Statement warning at apb_rx_cp.v(65): case item expression covers a value already covered by a previous case item File: D:/Verilog/uart_apb/apb_rx/apb_rx_cp.v Line: 65
Warning (10272): Verilog HDL Case Statement warning at apb_rx_cp.v(71): case item expression covers a value already covered by a previous case item File: D:/Verilog/uart_apb/apb_rx/apb_rx_cp.v Line: 71
Warning (10272): Verilog HDL Case Statement warning at apb_rx_cp.v(77): case item expression covers a value already covered by a previous case item File: D:/Verilog/uart_apb/apb_rx/apb_rx_cp.v Line: 77
Warning (10272): Verilog HDL Case Statement warning at apb_rx_cp.v(83): case item expression covers a value already covered by a previous case item File: D:/Verilog/uart_apb/apb_rx/apb_rx_cp.v Line: 83
Warning (10272): Verilog HDL Case Statement warning at apb_rx_cp.v(89): case item expression covers a value already covered by a previous case item File: D:/Verilog/uart_apb/apb_rx/apb_rx_cp.v Line: 89
Info (12128): Elaborating entity "apb_rx_dp" for hierarchy "apb_rx_dp:rx_dp" File: D:/Verilog/uart_apb/apb_rx/apb_rx.v Line: 81
Warning (10240): Verilog HDL Always Construct warning at apb_rx_dp.v(38): inferring latch(es) for variable "rx_data", which holds its previous value in one or more paths through the always construct File: D:/Verilog/uart_apb/apb_rx/apb_rx_dp.v Line: 38
Info (10041): Inferred latch for "rx_data[0]" at apb_rx_dp.v(38) File: D:/Verilog/uart_apb/apb_rx/apb_rx_dp.v Line: 38
Info (10041): Inferred latch for "rx_data[1]" at apb_rx_dp.v(38) File: D:/Verilog/uart_apb/apb_rx/apb_rx_dp.v Line: 38
Info (10041): Inferred latch for "rx_data[2]" at apb_rx_dp.v(38) File: D:/Verilog/uart_apb/apb_rx/apb_rx_dp.v Line: 38
Info (10041): Inferred latch for "rx_data[3]" at apb_rx_dp.v(38) File: D:/Verilog/uart_apb/apb_rx/apb_rx_dp.v Line: 38
Info (10041): Inferred latch for "rx_data[4]" at apb_rx_dp.v(38) File: D:/Verilog/uart_apb/apb_rx/apb_rx_dp.v Line: 38
Info (10041): Inferred latch for "rx_data[5]" at apb_rx_dp.v(38) File: D:/Verilog/uart_apb/apb_rx/apb_rx_dp.v Line: 38
Info (10041): Inferred latch for "rx_data[6]" at apb_rx_dp.v(38) File: D:/Verilog/uart_apb/apb_rx/apb_rx_dp.v Line: 38
Info (10041): Inferred latch for "rx_data[7]" at apb_rx_dp.v(38) File: D:/Verilog/uart_apb/apb_rx/apb_rx_dp.v Line: 38
Info (10041): Inferred latch for "rx_data[8]" at apb_rx_dp.v(38) File: D:/Verilog/uart_apb/apb_rx/apb_rx_dp.v Line: 38
Info (10041): Inferred latch for "rx_data[9]" at apb_rx_dp.v(38) File: D:/Verilog/uart_apb/apb_rx/apb_rx_dp.v Line: 38
Info (10041): Inferred latch for "rx_data[10]" at apb_rx_dp.v(38) File: D:/Verilog/uart_apb/apb_rx/apb_rx_dp.v Line: 38
Info (10041): Inferred latch for "rx_data[11]" at apb_rx_dp.v(38) File: D:/Verilog/uart_apb/apb_rx/apb_rx_dp.v Line: 38
Info (10041): Inferred latch for "rx_data[12]" at apb_rx_dp.v(38) File: D:/Verilog/uart_apb/apb_rx/apb_rx_dp.v Line: 38
Info (10041): Inferred latch for "rx_data[13]" at apb_rx_dp.v(38) File: D:/Verilog/uart_apb/apb_rx/apb_rx_dp.v Line: 38
Info (10041): Inferred latch for "rx_data[14]" at apb_rx_dp.v(38) File: D:/Verilog/uart_apb/apb_rx/apb_rx_dp.v Line: 38
Info (10041): Inferred latch for "rx_data[15]" at apb_rx_dp.v(38) File: D:/Verilog/uart_apb/apb_rx/apb_rx_dp.v Line: 38
Info (10041): Inferred latch for "rx_data[16]" at apb_rx_dp.v(38) File: D:/Verilog/uart_apb/apb_rx/apb_rx_dp.v Line: 38
Info (10041): Inferred latch for "rx_data[17]" at apb_rx_dp.v(38) File: D:/Verilog/uart_apb/apb_rx/apb_rx_dp.v Line: 38
Info (10041): Inferred latch for "rx_data[18]" at apb_rx_dp.v(38) File: D:/Verilog/uart_apb/apb_rx/apb_rx_dp.v Line: 38
Info (10041): Inferred latch for "rx_data[19]" at apb_rx_dp.v(38) File: D:/Verilog/uart_apb/apb_rx/apb_rx_dp.v Line: 38
Info (10041): Inferred latch for "rx_data[20]" at apb_rx_dp.v(38) File: D:/Verilog/uart_apb/apb_rx/apb_rx_dp.v Line: 38
Info (10041): Inferred latch for "rx_data[21]" at apb_rx_dp.v(38) File: D:/Verilog/uart_apb/apb_rx/apb_rx_dp.v Line: 38
Info (10041): Inferred latch for "rx_data[22]" at apb_rx_dp.v(38) File: D:/Verilog/uart_apb/apb_rx/apb_rx_dp.v Line: 38
Info (10041): Inferred latch for "rx_data[23]" at apb_rx_dp.v(38) File: D:/Verilog/uart_apb/apb_rx/apb_rx_dp.v Line: 38
Info (10041): Inferred latch for "rx_data[24]" at apb_rx_dp.v(38) File: D:/Verilog/uart_apb/apb_rx/apb_rx_dp.v Line: 38
Info (10041): Inferred latch for "rx_data[25]" at apb_rx_dp.v(38) File: D:/Verilog/uart_apb/apb_rx/apb_rx_dp.v Line: 38
Info (10041): Inferred latch for "rx_data[26]" at apb_rx_dp.v(38) File: D:/Verilog/uart_apb/apb_rx/apb_rx_dp.v Line: 38
Info (10041): Inferred latch for "rx_data[27]" at apb_rx_dp.v(38) File: D:/Verilog/uart_apb/apb_rx/apb_rx_dp.v Line: 38
Info (10041): Inferred latch for "rx_data[28]" at apb_rx_dp.v(38) File: D:/Verilog/uart_apb/apb_rx/apb_rx_dp.v Line: 38
Info (10041): Inferred latch for "rx_data[29]" at apb_rx_dp.v(38) File: D:/Verilog/uart_apb/apb_rx/apb_rx_dp.v Line: 38
Info (10041): Inferred latch for "rx_data[30]" at apb_rx_dp.v(38) File: D:/Verilog/uart_apb/apb_rx/apb_rx_dp.v Line: 38
Info (10041): Inferred latch for "rx_data[31]" at apb_rx_dp.v(38) File: D:/Verilog/uart_apb/apb_rx/apb_rx_dp.v Line: 38
Info (12128): Elaborating entity "baud_counter" for hierarchy "baud_counter:baud_counter" File: D:/Verilog/uart_apb/apb_rx/apb_rx.v Line: 94
Info (12128): Elaborating entity "PipeReg" for hierarchy "PipeReg:bit_cnt" File: D:/Verilog/uart_apb/apb_rx/apb_rx.v Line: 109
Info (12128): Elaborating entity "PipeReg" for hierarchy "PipeReg:baud_cnt" File: D:/Verilog/uart_apb/apb_rx/apb_rx.v Line: 118
Warning (13012): Latch apb_rx_dp:rx_dp|rx_data[0] has unsafe behavior File: D:/Verilog/uart_apb/apb_rx/apb_rx_dp.v Line: 38
    Warning (13013): Ports D and ENA on the latch are fed by the same signal apb_rx_dp:rx_dp|WideNor0 File: D:/Verilog/uart_apb/apb_rx/apb_rx_dp.v Line: 55
Warning (13024): Output pins are stuck at VCC or GND
    Warning (13410): Pin "rx_data[1]" is stuck at GND File: D:/Verilog/uart_apb/apb_rx/apb_rx.v Line: 27
    Warning (13410): Pin "rx_data[2]" is stuck at GND File: D:/Verilog/uart_apb/apb_rx/apb_rx.v Line: 27
    Warning (13410): Pin "rx_data[3]" is stuck at GND File: D:/Verilog/uart_apb/apb_rx/apb_rx.v Line: 27
    Warning (13410): Pin "rx_data[4]" is stuck at GND File: D:/Verilog/uart_apb/apb_rx/apb_rx.v Line: 27
    Warning (13410): Pin "rx_data[5]" is stuck at GND File: D:/Verilog/uart_apb/apb_rx/apb_rx.v Line: 27
    Warning (13410): Pin "rx_data[6]" is stuck at GND File: D:/Verilog/uart_apb/apb_rx/apb_rx.v Line: 27
    Warning (13410): Pin "rx_data[7]" is stuck at GND File: D:/Verilog/uart_apb/apb_rx/apb_rx.v Line: 27
    Warning (13410): Pin "rx_data[8]" is stuck at GND File: D:/Verilog/uart_apb/apb_rx/apb_rx.v Line: 27
    Warning (13410): Pin "rx_data[9]" is stuck at GND File: D:/Verilog/uart_apb/apb_rx/apb_rx.v Line: 27
    Warning (13410): Pin "rx_data[10]" is stuck at GND File: D:/Verilog/uart_apb/apb_rx/apb_rx.v Line: 27
    Warning (13410): Pin "rx_data[11]" is stuck at GND File: D:/Verilog/uart_apb/apb_rx/apb_rx.v Line: 27
    Warning (13410): Pin "rx_data[12]" is stuck at GND File: D:/Verilog/uart_apb/apb_rx/apb_rx.v Line: 27
    Warning (13410): Pin "rx_data[13]" is stuck at GND File: D:/Verilog/uart_apb/apb_rx/apb_rx.v Line: 27
    Warning (13410): Pin "rx_data[14]" is stuck at GND File: D:/Verilog/uart_apb/apb_rx/apb_rx.v Line: 27
    Warning (13410): Pin "rx_data[15]" is stuck at GND File: D:/Verilog/uart_apb/apb_rx/apb_rx.v Line: 27
    Warning (13410): Pin "rx_data[16]" is stuck at GND File: D:/Verilog/uart_apb/apb_rx/apb_rx.v Line: 27
    Warning (13410): Pin "rx_data[17]" is stuck at GND File: D:/Verilog/uart_apb/apb_rx/apb_rx.v Line: 27
    Warning (13410): Pin "rx_data[18]" is stuck at GND File: D:/Verilog/uart_apb/apb_rx/apb_rx.v Line: 27
    Warning (13410): Pin "rx_data[19]" is stuck at GND File: D:/Verilog/uart_apb/apb_rx/apb_rx.v Line: 27
    Warning (13410): Pin "rx_data[20]" is stuck at GND File: D:/Verilog/uart_apb/apb_rx/apb_rx.v Line: 27
    Warning (13410): Pin "rx_data[21]" is stuck at GND File: D:/Verilog/uart_apb/apb_rx/apb_rx.v Line: 27
    Warning (13410): Pin "rx_data[22]" is stuck at GND File: D:/Verilog/uart_apb/apb_rx/apb_rx.v Line: 27
    Warning (13410): Pin "rx_data[23]" is stuck at GND File: D:/Verilog/uart_apb/apb_rx/apb_rx.v Line: 27
    Warning (13410): Pin "rx_data[24]" is stuck at GND File: D:/Verilog/uart_apb/apb_rx/apb_rx.v Line: 27
    Warning (13410): Pin "rx_data[25]" is stuck at GND File: D:/Verilog/uart_apb/apb_rx/apb_rx.v Line: 27
    Warning (13410): Pin "rx_data[26]" is stuck at GND File: D:/Verilog/uart_apb/apb_rx/apb_rx.v Line: 27
    Warning (13410): Pin "rx_data[27]" is stuck at GND File: D:/Verilog/uart_apb/apb_rx/apb_rx.v Line: 27
    Warning (13410): Pin "rx_data[28]" is stuck at GND File: D:/Verilog/uart_apb/apb_rx/apb_rx.v Line: 27
    Warning (13410): Pin "rx_data[29]" is stuck at GND File: D:/Verilog/uart_apb/apb_rx/apb_rx.v Line: 27
    Warning (13410): Pin "rx_data[30]" is stuck at GND File: D:/Verilog/uart_apb/apb_rx/apb_rx.v Line: 27
    Warning (13410): Pin "rx_data[31]" is stuck at GND File: D:/Verilog/uart_apb/apb_rx/apb_rx.v Line: 27
Info (286030): Timing-Driven Synthesis is running
Info (144001): Generated suppressed messages file D:/Verilog/uart_apb/apb_rx/apb_rx.map.smsg
Info (16010): Generating hard_block partition "hard_block:auto_generated_inst"
    Info (16011): Adding 0 node(s), including 0 DDIO, 0 PLL, 0 transceiver and 0 LCELL
Warning (21074): Design contains 22 input pin(s) that do not drive logic
    Warning (15610): No output dependent on input pin "clk" File: D:/Verilog/uart_apb/apb_rx/apb_rx.v Line: 17
    Warning (15610): No output dependent on input pin "mode" File: D:/Verilog/uart_apb/apb_rx/apb_rx.v Line: 21
    Warning (15610): No output dependent on input pin "baud[0]" File: D:/Verilog/uart_apb/apb_rx/apb_rx.v Line: 22
    Warning (15610): No output dependent on input pin "baud[1]" File: D:/Verilog/uart_apb/apb_rx/apb_rx.v Line: 22
    Warning (15610): No output dependent on input pin "baud[2]" File: D:/Verilog/uart_apb/apb_rx/apb_rx.v Line: 22
    Warning (15610): No output dependent on input pin "baud[3]" File: D:/Verilog/uart_apb/apb_rx/apb_rx.v Line: 22
    Warning (15610): No output dependent on input pin "baud[4]" File: D:/Verilog/uart_apb/apb_rx/apb_rx.v Line: 22
    Warning (15610): No output dependent on input pin "baud[5]" File: D:/Verilog/uart_apb/apb_rx/apb_rx.v Line: 22
    Warning (15610): No output dependent on input pin "baud[6]" File: D:/Verilog/uart_apb/apb_rx/apb_rx.v Line: 22
    Warning (15610): No output dependent on input pin "baud[7]" File: D:/Verilog/uart_apb/apb_rx/apb_rx.v Line: 22
    Warning (15610): No output dependent on input pin "baud[8]" File: D:/Verilog/uart_apb/apb_rx/apb_rx.v Line: 22
    Warning (15610): No output dependent on input pin "baud[9]" File: D:/Verilog/uart_apb/apb_rx/apb_rx.v Line: 22
    Warning (15610): No output dependent on input pin "baud[10]" File: D:/Verilog/uart_apb/apb_rx/apb_rx.v Line: 22
    Warning (15610): No output dependent on input pin "baud[11]" File: D:/Verilog/uart_apb/apb_rx/apb_rx.v Line: 22
    Warning (15610): No output dependent on input pin "baud[12]" File: D:/Verilog/uart_apb/apb_rx/apb_rx.v Line: 22
    Warning (15610): No output dependent on input pin "baud[13]" File: D:/Verilog/uart_apb/apb_rx/apb_rx.v Line: 22
    Warning (15610): No output dependent on input pin "baud[14]" File: D:/Verilog/uart_apb/apb_rx/apb_rx.v Line: 22
    Warning (15610): No output dependent on input pin "baud[15]" File: D:/Verilog/uart_apb/apb_rx/apb_rx.v Line: 22
    Warning (15610): No output dependent on input pin "baud[16]" File: D:/Verilog/uart_apb/apb_rx/apb_rx.v Line: 22
    Warning (15610): No output dependent on input pin "baud[17]" File: D:/Verilog/uart_apb/apb_rx/apb_rx.v Line: 22
    Warning (15610): No output dependent on input pin "baud[18]" File: D:/Verilog/uart_apb/apb_rx/apb_rx.v Line: 22
    Warning (15610): No output dependent on input pin "baud[19]" File: D:/Verilog/uart_apb/apb_rx/apb_rx.v Line: 22
Info (21057): Implemented 61 device resources after synthesis - the final resource count might be different
    Info (21058): Implemented 26 input pins
    Info (21059): Implemented 32 output pins
    Info (21061): Implemented 3 logic cells
Info: Quartus Prime Analysis & Synthesis was successful. 0 errors, 66 warnings
    Info: Peak virtual memory: 4872 megabytes
    Info: Processing ended: Mon Jan 13 15:59:52 2020
    Info: Elapsed time: 00:00:09
    Info: Total CPU time (on all processors): 00:00:19


+------------------------------------------+
; Analysis & Synthesis Suppressed Messages ;
+------------------------------------------+
The suppressed messages can be found in D:/Verilog/uart_apb/apb_rx/apb_rx.map.smsg.


